<?xml version="1.0" encoding="UTF-8"?>
<testng-results ignored="0" total="1" passed="1" failed="0" skipped="0">
  <reporter-output>
  </reporter-output>
  <suite started-at="2026-03-09T21:23:05 IST" name="Default suite" finished-at="2026-03-09T21:23:30 IST" duration-ms="24695">
    <groups>
    </groups>
    <test started-at="2026-03-09T21:23:05 IST" name="Default test" finished-at="2026-03-09T21:23:30 IST" duration-ms="24695">
      <class name="testBase.TC001_AccountRegistrationTest">
        <test-method is-config="true" signature="setup()[pri:0, instance:testBase.TC001_AccountRegistrationTest@24111ef1]" started-at="2026-03-09T21:23:05 IST" name="setup" finished-at="2026-03-09T21:23:08 IST" duration-ms="3072" status="PASS">
          <reporter-output>
          </reporter-output>
        </test-method> <!-- setup -->
        <test-method signature="account_registration()[pri:0, instance:testBase.TC001_AccountRegistrationTest@24111ef1]" started-at="2026-03-09T21:23:08 IST" name="account_registration" finished-at="2026-03-09T21:23:29 IST" duration-ms="21016" status="PASS">
          <reporter-output>
          </reporter-output>
        </test-method> <!-- account_registration -->
        <test-method is-config="true" signature="teardown()[pri:0, instance:testBase.TC001_AccountRegistrationTest@24111ef1]" started-at="2026-03-09T21:23:29 IST" name="teardown" finished-at="2026-03-09T21:23:30 IST" duration-ms="536" status="PASS">
          <reporter-output>
          </reporter-output>
        </test-method> <!-- teardown -->
      </class> <!-- testBase.TC001_AccountRegistrationTest -->
    </test> <!-- Default test -->
  </suite> <!-- Default suite -->
</testng-results>
